#
# There is insufficient memory for the Java Runtime Environment to continue.
# Native memory allocation (malloc) failed to allocate 1048576 bytes for AllocateHeap
# Possible reasons:
#   The system is out of physical RAM or swap space
#   The process is running with CompressedOops enabled, and the Java Heap may be blocking the growth of the native heap
# Possible solutions:
#   Reduce memory load on the system
#   Increase physical memory or swap space
#   Check if swap backing store is full
#   Decrease Java heap size (-Xmx/-Xms)
#   Decrease number of Java threads
#   Decrease Java thread stack sizes (-Xss)
#   Set larger code cache with -XX:ReservedCodeCacheSize=
#   JVM is running with Unscaled Compressed Oops mode in which the Java heap is
#     placed in the first 4GB address space. The Java Heap base address is the
#     maximum limit for the native heap growth. Please use -XX:HeapBaseMinAddress
#     to set the Java Heap base and to place the Java Heap above 4GB virtual address.
# This output file may be truncated or incomplete.
#
#  Out of Memory Error (./open/src/hotspot/share/memory/allocation.cpp:44), pid=3492, tid=16400
#
# JRE version: Java(TM) SE Runtime Environment (15.0.2+7) (build 15.0.2+7-27)
# Java VM: Java HotSpot(TM) 64-Bit Server VM (15.0.2+7-27, mixed mode, sharing, tiered, compressed oops, g1 gc, windows-amd64)
# No core dump will be written. Minidumps are not enabled by default on client versions of Windows
#

---------------  S U M M A R Y ------------

Command Line: -XX:TieredStopAtLevel=1 -Xverify:none -Dspring.output.ansi.enabled=always -javaagent:C:\Program Files\JetBrains\IntelliJ IDEA 2020.3.2\lib\idea_rt.jar=49984:C:\Program Files\JetBrains\IntelliJ IDEA 2020.3.2\bin -Dcom.sun.management.jmxremote -Dspring.jmx.enabled=true -Dspring.liveBeansView.mbeanDomain -Dspring.application.admin.enabled=true -Dfile.encoding=UTF-8 com.ileiwe.IleIweApplication

Host: Intel(R) Core(TM) i5-5300U CPU @ 2.30GHz, 4 cores, 7G,  Windows 10 , 64 bit Build 19041 (10.0.19041.1202)
Time: Mon Nov  8 15:54:45 2021 W. Central Africa Standard Time elapsed time: 4.138944 seconds (0d 0h 0m 4s)

---------------  T H R E A D  ---------------

Current thread (0x000001fa7eab5f70):  VMThread "VM Thread" [stack: 0x000000cd39e00000,0x000000cd39f00000] [id=16400]

Stack: [0x000000cd39e00000,0x000000cd39f00000]
[error occurred during error reporting (printing stack bounds), id 0xc0000005, EXCEPTION_ACCESS_VIOLATION (0xc0000005) at pc=0x000001fa081610ad]

Native frames: (J=compiled Java code, j=interpreted, Vv=VM code, C=native code)
V  [jvm.dll+0x62ae9a]
V  [jvm.dll+0x7817a9]
V  [jvm.dll+0x782f03]
V  [jvm.dll+0x7834c5]
V  [jvm.dll+0x78347b]
V  [jvm.dll+0x62a2b9]
V  [jvm.dll+0x62aa88]
C  [ntdll.dll+0xa20cf]
C  [ntdll.dll+0x51454]
C  [ntdll.dll+0xa0bfe]
C  0x000001fa081610ad

VM_Operation (0x000000cd398f9f90): CollectForMetadataAllocation, mode: safepoint, requested by thread 0x000001fa79a18e10


---------------  P R O C E S S  ---------------

Threads class SMR info:
_java_thread_list=0x000001fa19e99980, length=12, elements={
0x000001fa79a18e10, 0x000001fa7eabc3c0, 0x000001fa7eabcf90, 0x000001fa7ead5190,
0x000001fa7ead5a50, 0x000001fa7ead9330, 0x000001fa7ead9ca0, 0x000001fa7eada6a0,
0x000001fa7ea9b500, 0x000001fa191faa90, 0x000001fa7f82df10, 0x000001fa193cd410
}

Java Threads: ( => current thread )
  0x000001fa79a18e10 JavaThread "main" [_thread_blocked, id=15912, stack(0x000000cd39800000,0x000000cd39900000)]
  0x000001fa7eabc3c0 JavaThread "Reference Handler" daemon [_thread_blocked, id=13292, stack(0x000000cd39f00000,0x000000cd3a000000)]
  0x000001fa7eabcf90 JavaThread "Finalizer" daemon [_thread_blocked, id=16620, stack(0x000000cd3a000000,0x000000cd3a100000)]
  0x000001fa7ead5190 JavaThread "Signal Dispatcher" daemon [_thread_blocked, id=4328, stack(0x000000cd3a100000,0x000000cd3a200000)]
  0x000001fa7ead5a50 JavaThread "Attach Listener" daemon [_thread_blocked, id=20396, stack(0x000000cd3a200000,0x000000cd3a300000)]
  0x000001fa7ead9330 JavaThread "Service Thread" daemon [_thread_blocked, id=16220, stack(0x000000cd3a300000,0x000000cd3a400000)]
  0x000001fa7ead9ca0 JavaThread "C1 CompilerThread0" daemon [_thread_blocked, id=1636, stack(0x000000cd3a400000,0x000000cd3a500000)]
  0x000001fa7eada6a0 JavaThread "Sweeper thread" daemon [_thread_blocked, id=14664, stack(0x000000cd3a500000,0x000000cd3a600000)]
  0x000001fa7ea9b500 JavaThread "Common-Cleaner" daemon [_thread_blocked, id=15484, stack(0x000000cd3a600000,0x000000cd3a700000)]
  0x000001fa191faa90 JavaThread "Monitor Ctrl-Break" daemon [_thread_in_native, id=10424, stack(0x000000cd3a700000,0x000000cd3a800000)]
  0x000001fa7f82df10 JavaThread "Notification Thread" daemon [_thread_blocked, id=16652, stack(0x000000cd3a800000,0x000000cd3a900000)]
  0x000001fa193cd410 JavaThread "RMI TCP Accept-0" daemon [_thread_in_native, id=19448, stack(0x000000cd3a900000,0x000000cd3aa00000)]

Other Threads:
=>0x000001fa7eab5f70 VMThread "VM Thread" [stack: 0x000000cd39e00000,0x000000cd39f00000] [id=16400]
  0x000001fa193ce6b0 WatcherThread [stack: 0x000000cd3aa00000,0x000000cd3ab00000] [id=13796]
  0x000001fa79a51d30 GCTaskThread "GC Thread#0" [stack: 0x000000cd39900000,0x000000cd39a00000] [id=13800]
  0x000001fa19495900 GCTaskThread "GC Thread#1" [stack: 0x000000cd3ab00000,0x000000cd3ac00000] [id=15884]
  0x000001fa19495c30 GCTaskThread "GC Thread#2" [stack: 0x000000cd3ac00000,0x000000cd3ad00000] [id=20112]
  0x000001fa19494c40 GCTaskThread "GC Thread#3" [stack: 0x000000cd3af00000,0x000000cd3b000000] [id=17524]
  0x000001fa79a62c40 ConcurrentGCThread "G1 Main Marker" [stack: 0x000000cd39a00000,0x000000cd39b00000] [id=7792]
  0x000001fa79a638b0 ConcurrentGCThread "G1 Conc#0" [stack: 0x000000cd39b00000,0x000000cd39c00000] [id=6272]
  0x000001fa79adc5b0 ConcurrentGCThread "G1 Refine#0" [stack: 0x000000cd39c00000,0x000000cd39d00000] [id=3476]
  0x000001fa193a70d0 ConcurrentGCThread "G1 Refine#1" [stack: 0x000000cd3ad00000,0x000000cd3ae00000] [id=20320]
  0x000001fa79add1b0 ConcurrentGCThread "G1 Young RemSet Sampling" [stack: 0x000000cd39d00000,0x000000cd39e00000] [id=17780]

Threads with active compile tasks:

VM state: at safepoint (normal execution)

VM Mutex/Monitor currently owned by a thread:  ([mutex/lock_event])
[0x000001fa79a12200] Threads_lock - owner thread: 0x000001fa7eab5f70
[0x000001fa79a125f0] Heap_lock - owner thread: 0x000001fa79a18e10

Heap address: 0x0000000081e00000, size: 2018 MB, Compressed Oops mode: 32-bit
CDS archive(s) mapped at: [0x0000000800000000-0x0000000800b50000-0x0000000800b50000), size 11862016, SharedBaseAddress: 0x0000000800000000, ArchiveRelocationMode: 0.
Compressed class space mapped at: 0x0000000800b50000-0x0000000840b50000, size: 1073741824
Narrow klass base: 0x0000000800000000, Narrow klass shift: 3, Narrow klass range: 0x100000000

GC Precious Log:
 CPUs: 4 total, 4 available
 Memory: 8064M
 Large Page Support: Disabled
 NUMA Support: Disabled
 Compressed Oops: Enabled (32-bit)
 Heap Region Size: 1M
 Heap Min Capacity: 8M
 Heap Initial Capacity: 128M
 Heap Max Capacity: 2018M
 Pre-touch: Disabled
 Parallel Workers: 4
 Concurrent Workers: 1
 Concurrent Refinement Workers: 4
 Periodic GC: Disabled

Heap:
 garbage-first heap   total 131072K, used 13065K [0x0000000081e00000, 0x0000000100000000)
  region size 1024K, 6 young (6144K), 6 survivors (6144K)
 Metaspace       used 20161K, capacity 20420K, committed 20480K, reserved 1081344K
  class space    used 2678K, capacity 2792K, committed 2816K, reserved 1048576K

Heap Regions: E=young(eden), S=young(survivor), O=old, HS=humongous(starts), HC=humongous(continues), CS=collection set, F=free, OA=open archive, CA=closed archive, TAMS=top-at-mark-start (previous, next)
|   0|0x0000000081e00000, 0x0000000081f00000, 0x0000000081f00000|100%|HS|  |TAMS 0x0000000081e00000, 0x0000000081f00000| Complete 
|   1|0x0000000081f00000, 0x0000000082000000, 0x0000000082000000|100%| O|  |TAMS 0x0000000081f00000, 0x0000000082000000| Untracked 
|   2|0x0000000082000000, 0x0000000082100000, 0x0000000082100000|100%| O|  |TAMS 0x0000000082000000, 0x0000000082100000| Untracked 
|   3|0x0000000082100000, 0x0000000082200000, 0x0000000082200000|100%| O|  |TAMS 0x0000000082100000, 0x0000000082200000| Untracked 
|   4|0x0000000082200000, 0x0000000082300000, 0x0000000082300000|100%| O|  |TAMS 0x0000000082200000, 0x0000000082300000| Untracked 
|   5|0x0000000082300000, 0x0000000082400000, 0x0000000082400000|100%| O|  |TAMS 0x0000000082300000, 0x0000000082400000| Untracked 
|   6|0x0000000082400000, 0x00000000824fe400, 0x0000000082500000| 99%| O|  |TAMS 0x0000000082400000, 0x00000000824fe400| Untracked 
|   7|0x0000000082500000, 0x0000000082500000, 0x0000000082600000|  0%| F|  |TAMS 0x0000000082500000, 0x0000000082500000| Untracked 
|   8|0x0000000082600000, 0x0000000082600000, 0x0000000082700000|  0%| F|  |TAMS 0x0000000082600000, 0x0000000082600000| Untracked 
|   9|0x0000000082700000, 0x0000000082700000, 0x0000000082800000|  0%| F|  |TAMS 0x0000000082700000, 0x0000000082700000| Untracked 
|  10|0x0000000082800000, 0x0000000082800000, 0x0000000082900000|  0%| F|  |TAMS 0x0000000082800000, 0x0000000082800000| Untracked 
|  11|0x0000000082900000, 0x0000000082900000, 0x0000000082a00000|  0%| F|  |TAMS 0x0000000082900000, 0x0000000082900000| Untracked 
|  12|0x0000000082a00000, 0x0000000082a00000, 0x0000000082b00000|  0%| F|  |TAMS 0x0000000082a00000, 0x0000000082a00000| Untracked 
|  13|0x0000000082b00000, 0x0000000082b00000, 0x0000000082c00000|  0%| F|  |TAMS 0x0000000082b00000, 0x0000000082b00000| Untracked 
|  14|0x0000000082c00000, 0x0000000082c00000, 0x0000000082d00000|  0%| F|  |TAMS 0x0000000082c00000, 0x0000000082c00000| Untracked 
|  15|0x0000000082d00000, 0x0000000082d00000, 0x0000000082e00000|  0%| F|  |TAMS 0x0000000082d00000, 0x0000000082d00000| Untracked 
|  16|0x0000000082e00000, 0x0000000082e00000, 0x0000000082f00000|  0%| F|  |TAMS 0x0000000082e00000, 0x0000000082e00000| Untracked 
|  17|0x0000000082f00000, 0x0000000082f00000, 0x0000000083000000|  0%| F|  |TAMS 0x0000000082f00000, 0x0000000082f00000| Untracked 
|  18|0x0000000083000000, 0x0000000083000000, 0x0000000083100000|  0%| F|  |TAMS 0x0000000083000000, 0x0000000083000000| Untracked 
|  19|0x0000000083100000, 0x0000000083100000, 0x0000000083200000|  0%| F|  |TAMS 0x0000000083100000, 0x0000000083100000| Untracked 
|  20|0x0000000083200000, 0x0000000083200000, 0x0000000083300000|  0%| F|  |TAMS 0x0000000083200000, 0x0000000083200000| Untracked 
|  21|0x0000000083300000, 0x0000000083300000, 0x0000000083400000|  0%| F|  |TAMS 0x0000000083300000, 0x0000000083300000| Untracked 
|  22|0x0000000083400000, 0x0000000083400000, 0x0000000083500000|  0%| F|  |TAMS 0x0000000083400000, 0x0000000083400000| Untracked 
|  23|0x0000000083500000, 0x0000000083500000, 0x0000000083600000|  0%| F|  |TAMS 0x0000000083500000, 0x0000000083500000| Untracked 
|  24|0x0000000083600000, 0x0000000083600000, 0x0000000083700000|  0%| F|  |TAMS 0x0000000083600000, 0x0000000083600000| Untracked 
|  25|0x0000000083700000, 0x0000000083700000, 0x0000000083800000|  0%| F|  |TAMS 0x0000000083700000, 0x0000000083700000| Untracked 
|  26|0x0000000083800000, 0x0000000083800000, 0x0000000083900000|  0%| F|  |TAMS 0x0000000083800000, 0x0000000083800000| Untracked 
|  27|0x0000000083900000, 0x0000000083900000, 0x0000000083a00000|  0%| F|  |TAMS 0x0000000083900000, 0x0000000083900000| Untracked 
|  28|0x0000000083a00000, 0x0000000083a00000, 0x0000000083b00000|  0%| F|  |TAMS 0x0000000083a00000, 0x0000000083a00000| Untracked 
|  29|0x0000000083b00000, 0x0000000083b00000, 0x0000000083c00000|  0%| F|  |TAMS 0x0000000083b00000, 0x0000000083b00000| Untracked 
|  30|0x0000000083c00000, 0x0000000083c00000, 0x0000000083d00000|  0%| F|  |TAMS 0x0000000083c00000, 0x0000000083c00000| Untracked 
|  31|0x0000000083d00000, 0x0000000083d00000, 0x0000000083e00000|  0%| F|  |TAMS 0x0000000083d00000, 0x0000000083d00000| Untracked 
|  32|0x0000000083e00000, 0x0000000083e00000, 0x0000000083f00000|  0%| F|  |TAMS 0x0000000083e00000, 0x0000000083e00000| Untracked 
|  33|0x0000000083f00000, 0x0000000083f00000, 0x0000000084000000|  0%| F|  |TAMS 0x0000000083f00000, 0x0000000083f00000| Untracked 
|  34|0x0000000084000000, 0x0000000084000000, 0x0000000084100000|  0%| F|  |TAMS 0x0000000084000000, 0x0000000084000000| Untracked 
|  35|0x0000000084100000, 0x0000000084100000, 0x0000000084200000|  0%| F|  |TAMS 0x0000000084100000, 0x0000000084100000| Untracked 
|  36|0x0000000084200000, 0x0000000084200000, 0x0000000084300000|  0%| F|  |TAMS 0x0000000084200000, 0x0000000084200000| Untracked 
|  37|0x0000000084300000, 0x0000000084300000, 0x0000000084400000|  0%| F|  |TAMS 0x0000000084300000, 0x0000000084300000| Untracked 
|  38|0x0000000084400000, 0x0000000084400000, 0x0000000084500000|  0%| F|  |TAMS 0x0000000084400000, 0x0000000084400000| Untracked 
|  39|0x0000000084500000, 0x0000000084500000, 0x0000000084600000|  0%| F|  |TAMS 0x0000000084500000, 0x0000000084500000| Untracked 
|  40|0x0000000084600000, 0x0000000084600000, 0x0000000084700000|  0%| F|  |TAMS 0x0000000084600000, 0x0000000084600000| Untracked 
|  41|0x0000000084700000, 0x0000000084700000, 0x0000000084800000|  0%| F|  |TAMS 0x0000000084700000, 0x0000000084700000| Untracked 
|  42|0x0000000084800000, 0x0000000084800000, 0x0000000084900000|  0%| F|  |TAMS 0x0000000084800000, 0x0000000084800000| Untracked 
|  43|0x0000000084900000, 0x0000000084900000, 0x0000000084a00000|  0%| F|  |TAMS 0x0000000084900000, 0x0000000084900000| Untracked 
|  44|0x0000000084a00000, 0x0000000084a00000, 0x0000000084b00000|  0%| F|  |TAMS 0x0000000084a00000, 0x0000000084a00000| Untracked 
|  45|0x0000000084b00000, 0x0000000084b00000, 0x0000000084c00000|  0%| F|  |TAMS 0x0000000084b00000, 0x0000000084b00000| Untracked 
|  46|0x0000000084c00000, 0x0000000084c00000, 0x0000000084d00000|  0%| F|  |TAMS 0x0000000084c00000, 0x0000000084c00000| Untracked 
|  47|0x0000000084d00000, 0x0000000084d00000, 0x0000000084e00000|  0%| F|  |TAMS 0x0000000084d00000, 0x0000000084d00000| Untracked 
|  48|0x0000000084e00000, 0x0000000084e00000, 0x0000000084f00000|  0%| F|  |TAMS 0x0000000084e00000, 0x0000000084e00000| Untracked 
|  49|0x0000000084f00000, 0x0000000084f00000, 0x0000000085000000|  0%| F|  |TAMS 0x0000000084f00000, 0x0000000084f00000| Untracked 
|  50|0x0000000085000000, 0x0000000085000000, 0x0000000085100000|  0%| F|  |TAMS 0x0000000085000000, 0x0000000085000000| Untracked 
|  51|0x0000000085100000, 0x0000000085100000, 0x0000000085200000|  0%| F|  |TAMS 0x0000000085100000, 0x0000000085100000| Untracked 
|  52|0x0000000085200000, 0x0000000085200000, 0x0000000085300000|  0%| F|  |TAMS 0x0000000085200000, 0x0000000085200000| Untracked 
|  53|0x0000000085300000, 0x0000000085300000, 0x0000000085400000|  0%| F|  |TAMS 0x0000000085300000, 0x0000000085300000| Untracked 
|  54|0x0000000085400000, 0x0000000085400000, 0x0000000085500000|  0%| F|  |TAMS 0x0000000085400000, 0x0000000085400000| Untracked 
|  55|0x0000000085500000, 0x0000000085500000, 0x0000000085600000|  0%| F|  |TAMS 0x0000000085500000, 0x0000000085500000| Untracked 
|  56|0x0000000085600000, 0x0000000085600000, 0x0000000085700000|  0%| F|  |TAMS 0x0000000085600000, 0x0000000085600000| Untracked 
|  57|0x0000000085700000, 0x0000000085700000, 0x0000000085800000|  0%| F|  |TAMS 0x0000000085700000, 0x0000000085700000| Untracked 
|  58|0x0000000085800000, 0x0000000085800000, 0x0000000085900000|  0%| F|  |TAMS 0x0000000085800000, 0x0000000085800000| Untracked 
|  59|0x0000000085900000, 0x0000000085900000, 0x0000000085a00000|  0%| F|  |TAMS 0x0000000085900000, 0x0000000085900000| Untracked 
|  60|0x0000000085a00000, 0x0000000085a00000, 0x0000000085b00000|  0%| F|  |TAMS 0x0000000085a00000, 0x0000000085a00000| Untracked 
|  61|0x0000000085b00000, 0x0000000085b00000, 0x0000000085c00000|  0%| F|  |TAMS 0x0000000085b00000, 0x0000000085b00000| Untracked 
|  62|0x0000000085c00000, 0x0000000085c00000, 0x0000000085d00000|  0%| F|  |TAMS 0x0000000085c00000, 0x0000000085c00000| Untracked 
|  63|0x0000000085d00000, 0x0000000085d00000, 0x0000000085e00000|  0%| F|  |TAMS 0x0000000085d00000, 0x0000000085d00000| Untracked 
|  64|0x0000000085e00000, 0x0000000085e00000, 0x0000000085f00000|  0%| F|  |TAMS 0x0000000085e00000, 0x0000000085e00000| Untracked 
|  65|0x0000000085f00000, 0x0000000085f00000, 0x0000000086000000|  0%| F|  |TAMS 0x0000000085f00000, 0x0000000085f00000| Untracked 
|  66|0x0000000086000000, 0x0000000086000000, 0x0000000086100000|  0%| F|  |TAMS 0x0000000086000000, 0x0000000086000000| Untracked 
|  67|0x0000000086100000, 0x0000000086100000, 0x0000000086200000|  0%| F|  |TAMS 0x0000000086100000, 0x0000000086100000| Untracked 
|  68|0x0000000086200000, 0x0000000086200000, 0x0000000086300000|  0%| F|  |TAMS 0x0000000086200000, 0x0000000086200000| Untracked 
|  69|0x0000000086300000, 0x0000000086300000, 0x0000000086400000|  0%| F|  |TAMS 0x0000000086300000, 0x0000000086300000| Untracked 
|  70|0x0000000086400000, 0x0000000086400000, 0x0000000086500000|  0%| F|  |TAMS 0x0000000086400000, 0x0000000086400000| Untracked 
|  71|0x0000000086500000, 0x0000000086500000, 0x0000000086600000|  0%| F|  |TAMS 0x0000000086500000, 0x0000000086500000| Untracked 
|  72|0x0000000086600000, 0x0000000086600000, 0x0000000086700000|  0%| F|  |TAMS 0x0000000086600000, 0x0000000086600000| Untracked 
|  73|0x0000000086700000, 0x0000000086700000, 0x0000000086800000|  0%| F|  |TAMS 0x0000000086700000, 0x0000000086700000| Untracked 
|  74|0x0000000086800000, 0x0000000086800000, 0x0000000086900000|  0%| F|  |TAMS 0x0000000086800000, 0x0000000086800000| Untracked 
|  75|0x0000000086900000, 0x0000000086900000, 0x0000000086a00000|  0%| F|  |TAMS 0x0000000086900000, 0x0000000086900000| Untracked 
|  76|0x0000000086a00000, 0x0000000086a00000, 0x0000000086b00000|  0%| F|  |TAMS 0x0000000086a00000, 0x0000000086a00000| Untracked 
|  77|0x0000000086b00000, 0x0000000086b00000, 0x0000000086c00000|  0%| F|  |TAMS 0x0000000086b00000, 0x0000000086b00000| Untracked 
|  78|0x0000000086c00000, 0x0000000086c00000, 0x0000000086d00000|  0%| F|  |TAMS 0x0000000086c00000, 0x0000000086c00000| Untracked 
|  79|0x0000000086d00000, 0x0000000086d00000, 0x0000000086e00000|  0%| F|  |TAMS 0x0000000086d00000, 0x0000000086d00000| Untracked 
|  80|0x0000000086e00000, 0x0000000086e00000, 0x0000000086f00000|  0%| F|  |TAMS 0x0000000086e00000, 0x0000000086e00000| Untracked 
|  81|0x0000000086f00000, 0x0000000086f00000, 0x0000000087000000|  0%| F|  |TAMS 0x0000000086f00000, 0x0000000086f00000| Untracked 
|  82|0x0000000087000000, 0x0000000087000000, 0x0000000087100000|  0%| F|  |TAMS 0x0000000087000000, 0x0000000087000000| Untracked 
|  83|0x0000000087100000, 0x0000000087100000, 0x0000000087200000|  0%| F|  |TAMS 0x0000000087100000, 0x0000000087100000| Untracked 
|  84|0x0000000087200000, 0x0000000087200000, 0x0000000087300000|  0%| F|  |TAMS 0x0000000087200000, 0x0000000087200000| Untracked 
|  85|0x0000000087300000, 0x0000000087300000, 0x0000000087400000|  0%| F|  |TAMS 0x0000000087300000, 0x0000000087300000| Untracked 
|  86|0x0000000087400000, 0x0000000087400000, 0x0000000087500000|  0%| F|  |TAMS 0x0000000087400000, 0x0000000087400000| Untracked 
|  87|0x0000000087500000, 0x0000000087500000, 0x0000000087600000|  0%| F|  |TAMS 0x0000000087500000, 0x0000000087500000| Untracked 
|  88|0x0000000087600000, 0x0000000087600000, 0x0000000087700000|  0%| F|  |TAMS 0x0000000087600000, 0x0000000087600000| Untracked 
|  89|0x0000000087700000, 0x0000000087700000, 0x0000000087800000|  0%| F|  |TAMS 0x0000000087700000, 0x0000000087700000| Untracked 
|  90|0x0000000087800000, 0x0000000087800000, 0x0000000087900000|  0%| F|  |TAMS 0x0000000087800000, 0x0000000087800000| Untracked 
|  91|0x0000000087900000, 0x0000000087900000, 0x0000000087a00000|  0%| F|  |TAMS 0x0000000087900000, 0x0000000087900000| Untracked 
|  92|0x0000000087a00000, 0x0000000087a00000, 0x0000000087b00000|  0%| F|  |TAMS 0x0000000087a00000, 0x0000000087a00000| Untracked 
|  93|0x0000000087b00000, 0x0000000087b00000, 0x0000000087c00000|  0%| F|  |TAMS 0x0000000087b00000, 0x0000000087b00000| Untracked 
|  94|0x0000000087c00000, 0x0000000087c00000, 0x0000000087d00000|  0%| F|  |TAMS 0x0000000087c00000, 0x0000000087c00000| Untracked 
|  95|0x0000000087d00000, 0x0000000087d00000, 0x0000000087e00000|  0%| F|  |TAMS 0x0000000087d00000, 0x0000000087d00000| Untracked 
|  96|0x0000000087e00000, 0x0000000087ec4308, 0x0000000087f00000| 76%| S|CS|TAMS 0x0000000087e00000, 0x0000000087e00000| Complete 
|  97|0x0000000087f00000, 0x0000000088000000, 0x0000000088000000|100%| S|CS|TAMS 0x0000000087f00000, 0x0000000087f00000| Complete 
|  98|0x0000000088000000, 0x0000000088100000, 0x0000000088100000|100%| S|CS|TAMS 0x0000000088000000, 0x0000000088000000| Complete 
|  99|0x0000000088100000, 0x0000000088200000, 0x0000000088200000|100%| S|CS|TAMS 0x0000000088100000, 0x0000000088100000| Complete 
| 100|0x0000000088200000, 0x0000000088300000, 0x0000000088300000|100%| S|CS|TAMS 0x0000000088200000, 0x0000000088200000| Complete 
| 101|0x0000000088300000, 0x0000000088400000, 0x0000000088400000|100%| S|CS|TAMS 0x0000000088300000, 0x0000000088300000| Complete 
| 102|0x0000000088400000, 0x0000000088400000, 0x0000000088500000|  0%| F|  |TAMS 0x0000000088400000, 0x0000000088400000| Untracked 
| 103|0x0000000088500000, 0x0000000088500000, 0x0000000088600000|  0%| F|  |TAMS 0x0000000088500000, 0x0000000088500000| Untracked 
| 104|0x0000000088600000, 0x0000000088600000, 0x0000000088700000|  0%| F|  |TAMS 0x0000000088600000, 0x0000000088600000| Untracked 
| 105|0x0000000088700000, 0x0000000088700000, 0x0000000088800000|  0%| F|  |TAMS 0x0000000088700000, 0x0000000088700000| Untracked 
| 106|0x0000000088800000, 0x0000000088800000, 0x0000000088900000|  0%| F|  |TAMS 0x0000000088800000, 0x0000000088800000| Untracked 
| 107|0x0000000088900000, 0x0000000088900000, 0x0000000088a00000|  0%| F|  |TAMS 0x0000000088900000, 0x0000000088900000| Untracked 
| 108|0x0000000088a00000, 0x0000000088a00000, 0x0000000088b00000|  0%| F|  |TAMS 0x0000000088a00000, 0x0000000088a00000| Untracked 
| 109|0x0000000088b00000, 0x0000000088b00000, 0x0000000088c00000|  0%| F|  |TAMS 0x0000000088b00000, 0x0000000088b00000| Untracked 
| 110|0x0000000088c00000, 0x0000000088c00000, 0x0000000088d00000|  0%| F|  |TAMS 0x0000000088c00000, 0x0000000088c00000| Untracked 
| 111|0x0000000088d00000, 0x0000000088d00000, 0x0000000088e00000|  0%| F|  |TAMS 0x0000000088d00000, 0x0000000088d00000| Untracked 
| 112|0x0000000088e00000, 0x0000000088e00000, 0x0000000088f00000|  0%| F|  |TAMS 0x0000000088e00000, 0x0000000088e00000| Untracked 
| 113|0x0000000088f00000, 0x0000000088f00000, 0x0000000089000000|  0%| F|  |TAMS 0x0000000088f00000, 0x0000000088f00000| Untracked 
| 114|0x0000000089000000, 0x0000000089000000, 0x0000000089100000|  0%| F|  |TAMS 0x0000000089000000, 0x0000000089000000| Untracked 
| 115|0x0000000089100000, 0x0000000089100000, 0x0000000089200000|  0%| F|  |TAMS 0x0000000089100000, 0x0000000089100000| Untracked 
| 116|0x0000000089200000, 0x0000000089200000, 0x0000000089300000|  0%| F|  |TAMS 0x0000000089200000, 0x0000000089200000| Untracked 
| 117|0x0000000089300000, 0x0000000089300000, 0x0000000089400000|  0%| F|  |TAMS 0x0000000089300000, 0x0000000089300000| Untracked 
| 118|0x0000000089400000, 0x0000000089400000, 0x0000000089500000|  0%| F|  |TAMS 0x0000000089400000, 0x0000000089400000| Untracked 
| 119|0x0000000089500000, 0x0000000089500000, 0x0000000089600000|  0%| F|  |TAMS 0x0000000089500000, 0x0000000089500000| Untracked 
| 120|0x0000000089600000, 0x0000000089600000, 0x0000000089700000|  0%| F|  |TAMS 0x0000000089600000, 0x0000000089600000| Untracked 
| 121|0x0000000089700000, 0x0000000089700000, 0x0000000089800000|  0%| F|  |TAMS 0x0000000089700000, 0x0000000089700000| Untracked 
| 122|0x0000000089800000, 0x0000000089800000, 0x0000000089900000|  0%| F|  |TAMS 0x0000000089800000, 0x0000000089800000| Untracked 
| 123|0x0000000089900000, 0x0000000089900000, 0x0000000089a00000|  0%| F|  |TAMS 0x0000000089900000, 0x0000000089900000| Untracked 
| 124|0x0000000089a00000, 0x0000000089a00000, 0x0000000089b00000|  0%| F|  |TAMS 0x0000000089a00000, 0x0000000089a00000| Untracked 
| 125|0x0000000089b00000, 0x0000000089b00000, 0x0000000089c00000|  0%| F|  |TAMS 0x0000000089b00000, 0x0000000089b00000| Untracked 
| 126|0x0000000089c00000, 0x0000000089c00000, 0x0000000089d00000|  0%| F|  |TAMS 0x0000000089c00000, 0x0000000089c00000| Untracked 
| 127|0x0000000089d00000, 0x0000000089d00000, 0x0000000089e00000|  0%| F|  |TAMS 0x0000000089d00000, 0x0000000089d00000| Untracked 

Card table byte_map: [0x000001fa79ee0000,0x000001fa7a2e0000] _byte_map_base: 0x000001fa79ad1000

Marking Bits (Prev, Next): (CMBitMap*) 0x000001fa79a525a0, (CMBitMap*) 0x000001fa79a525e0
 Prev Bits: [0x000001fa7a6e0000, 0x000001fa7c668000)
 Next Bits: [0x000001fa7c670000, 0x000001fa7e5f8000)

Polling page: 0x000001fa77830000

Metaspace:

Usage:
  Non-class:     17.21 MB capacity,    17.07 MB (>99%) used,   111.89 KB ( <1%) free+waste,    33.00 KB ( <1%) overhead. 
      Class:      2.73 MB capacity,     2.62 MB ( 96%) used,    98.96 KB (  4%) free+waste,    14.31 KB ( <1%) overhead. 
       Both:     19.94 MB capacity,    19.69 MB ( 99%) used,   210.85 KB (  1%) free+waste,    47.31 KB ( <1%) overhead. 

Virtual space:
  Non-class space:       32.00 MB reserved,      17.25 MB ( 54%) committed 
      Class space:        1.00 GB reserved,       2.75 MB ( <1%) committed 
             Both:        1.03 GB reserved,      20.00 MB (  2%) committed 

Chunk freelists:
   Non-Class:  36.00 KB
       Class:  24.00 KB
        Both:  60.00 KB

MaxMetaspaceSize: 17179869184.00 GB
CompressedClassSpaceSize: 1.00 GB

CodeHeap 'non-profiled nmethods': size=238912Kb used=4162Kb max_used=4162Kb free=234749Kb
 bounds [0x000001fa08810000, 0x000001fa08c30000, 0x000001fa17160000]
CodeHeap 'non-nmethods': size=6848Kb used=1213Kb max_used=1213Kb free=5634Kb
 bounds [0x000001fa08160000, 0x000001fa083d0000, 0x000001fa08810000]
 total_blobs=3252 nmethods=2769 adapters=410
 compilation: enabled
              stopped_count=0, restarted_count=0
 full_count=0

Compilation events (20 events):
Event: 4.113 Thread 0x000001fa7ead9ca0 2760       1       org.springframework.beans.BeanMetadataAttributeAccessor::setSource (6 bytes)
Event: 4.113 Thread 0x000001fa7ead9ca0 nmethod 2760 0x000001fa08c1db10 code [0x000001fa08c1dca0, 0x000001fa08c1dd98]
Event: 4.113 Thread 0x000001fa7ead9ca0 2761       1       org.springframework.core.annotation.TypeMappedAnnotation::<init> (62 bytes)
Event: 4.114 Thread 0x000001fa7ead9ca0 nmethod 2761 0x000001fa08c1de10 code [0x000001fa08c1dfc0, 0x000001fa08c1e378]
Event: 4.114 Thread 0x000001fa7ead9ca0 2765       1       org.springframework.core.annotation.AnnotationAttributes::assertAttributeType (54 bytes)
Event: 4.115 Thread 0x000001fa7ead9ca0 nmethod 2765 0x000001fa08c1e410 code [0x000001fa08c1e680, 0x000001fa08c1f0c8]
Event: 4.115 Thread 0x000001fa7ead9ca0 2766       1       org.springframework.beans.factory.support.AbstractBeanDefinition::setFactoryMethodName (6 bytes)
Event: 4.115 Thread 0x000001fa7ead9ca0 nmethod 2766 0x000001fa08c1f590 code [0x000001fa08c1f720, 0x000001fa08c1f818]
Event: 4.115 Thread 0x000001fa7ead9ca0 2762       1       org.springframework.beans.factory.support.AbstractBeanDefinition::setResource (6 bytes)
Event: 4.115 Thread 0x000001fa7ead9ca0 nmethod 2762 0x000001fa08c1f890 code [0x000001fa08c1fa20, 0x000001fa08c1fb18]
Event: 4.115 Thread 0x000001fa7ead9ca0 2763       1       org.springframework.beans.factory.support.AbstractBeanDefinition::setAutowireMode (6 bytes)
Event: 4.115 Thread 0x000001fa7ead9ca0 nmethod 2763 0x000001fa08c1fb90 code [0x000001fa08c1fd20, 0x000001fa08c1fdd8]
Event: 4.115 Thread 0x000001fa7ead9ca0 2764       1       org.springframework.beans.factory.support.AbstractBeanDefinition::setDestroyMethodName (6 bytes)
Event: 4.115 Thread 0x000001fa7ead9ca0 nmethod 2764 0x000001fa08c1fe90 code [0x000001fa08c20020, 0x000001fa08c20118]
Event: 4.115 Thread 0x000001fa7ead9ca0 2767       1       org.springframework.beans.factory.support.AbstractBeanDefinition::setLenientConstructorResolution (6 bytes)
Event: 4.115 Thread 0x000001fa7ead9ca0 nmethod 2767 0x000001fa08c20190 code [0x000001fa08c20320, 0x000001fa08c203d8]
Event: 4.115 Thread 0x000001fa7ead9ca0 2768       1       org.springframework.beans.factory.support.DefaultListableBeanFactory::isConfigurationFrozen (5 bytes)
Event: 4.115 Thread 0x000001fa7ead9ca0 nmethod 2768 0x000001fa08c20490 code [0x000001fa08c20620, 0x000001fa08c206d8]
Event: 4.121 Thread 0x000001fa7ead9ca0 2769       1       org.springframework.beans.factory.support.AbstractBeanDefinition::setFactoryBeanName (6 bytes)
Event: 4.121 Thread 0x000001fa7ead9ca0 nmethod 2769 0x000001fa08c20790 code [0x000001fa08c20920, 0x000001fa08c20a18]

GC Heap History (10 events):
Event: 1.288 GC heap before
{Heap before GC invocations=0 (full 0):
 garbage-first heap   total 131072K, used 14336K [0x0000000081e00000, 0x0000000100000000)
  region size 1024K, 13 young (13312K), 0 survivors (0K)
 Metaspace       used 5163K, capacity 5325K, committed 5504K, reserved 1056768K
  class space    used 592K, capacity 638K, committed 640K, reserved 1048576K
}
Event: 1.297 GC heap after
{Heap after GC invocations=1 (full 0):
 garbage-first heap   total 131072K, used 7073K [0x0000000081e00000, 0x0000000100000000)
  region size 1024K, 2 young (2048K), 2 survivors (2048K)
 Metaspace       used 5163K, capacity 5325K, committed 5504K, reserved 1056768K
  class space    used 592K, capacity 638K, committed 640K, reserved 1048576K
}
Event: 1.638 GC heap before
{Heap before GC invocations=1 (full 0):
 garbage-first heap   total 131072K, used 14241K [0x0000000081e00000, 0x0000000100000000)
  region size 1024K, 9 young (9216K), 2 survivors (2048K)
 Metaspace       used 6593K, capacity 6763K, committed 7040K, reserved 1056768K
  class space    used 777K, capacity 840K, committed 896K, reserved 1048576K
}
Event: 1.643 GC heap after
{Heap after GC invocations=2 (full 0):
 garbage-first heap   total 131072K, used 8160K [0x0000000081e00000, 0x0000000100000000)
  region size 1024K, 1 young (1024K), 1 survivors (1024K)
 Metaspace       used 6593K, capacity 6763K, committed 7040K, reserved 1056768K
  class space    used 777K, capacity 840K, committed 896K, reserved 1048576K
}
Event: 2.477 GC heap before
{Heap before GC invocations=2 (full 0):
 garbage-first heap   total 131072K, used 26592K [0x0000000081e00000, 0x0000000100000000)
  region size 1024K, 20 young (20480K), 1 survivors (1024K)
 Metaspace       used 11063K, capacity 11218K, committed 11264K, reserved 1058816K
  class space    used 1417K, capacity 1490K, committed 1536K, reserved 1048576K
}
Event: 2.487 GC heap after
{Heap after GC invocations=3 (full 0):
 garbage-first heap   total 131072K, used 9522K [0x0000000081e00000, 0x0000000100000000)
  region size 1024K, 3 young (3072K), 3 survivors (3072K)
 Metaspace       used 11063K, capacity 11218K, committed 11264K, reserved 1058816K
  class space    used 1417K, capacity 1490K, committed 1536K, reserved 1048576K
}
Event: 3.325 GC heap before
{Heap before GC invocations=3 (full 0):
 garbage-first heap   total 131072K, used 81202K [0x0000000081e00000, 0x0000000100000000)
  region size 1024K, 74 young (75776K), 3 survivors (3072K)
 Metaspace       used 18091K, capacity 18343K, committed 18688K, reserved 1071104K
  class space    used 2355K, capacity 2470K, committed 2560K, reserved 1048576K
}
Event: 3.333 GC heap after
{Heap after GC invocations=4 (full 0):
 garbage-first heap   total 131072K, used 11934K [0x0000000081e00000, 0x0000000100000000)
  region size 1024K, 5 young (5120K), 5 survivors (5120K)
 Metaspace       used 18091K, capacity 18343K, committed 18688K, reserved 1071104K
  class space    used 2355K, capacity 2470K, committed 2560K, reserved 1048576K
}
Event: 4.126 GC heap before
{Heap before GC invocations=4 (full 0):
 garbage-first heap   total 131072K, used 37534K [0x0000000081e00000, 0x0000000100000000)
  region size 1024K, 31 young (31744K), 5 survivors (5120K)
 Metaspace       used 20161K, capacity 20420K, committed 20480K, reserved 1079296K
  class space    used 2678K, capacity 2792K, committed 2816K, reserved 1048576K
}
Event: 4.136 GC heap after
{Heap after GC invocations=5 (full 0):
 garbage-first heap   total 131072K, used 13065K [0x0000000081e00000, 0x0000000100000000)
  region size 1024K, 6 young (6144K), 6 survivors (6144K)
 Metaspace       used 20161K, capacity 20420K, committed 20480K, reserved 1079296K
  class space    used 2678K, capacity 2792K, committed 2816K, reserved 1048576K
}

Deoptimization events (0 events):
No events

Classes unloaded (0 events):
No events

Classes redefined (0 events):
No events

Internal exceptions (20 events):
Event: 2.761 Thread 0x000001fa79a18e10 Exception <a 'java/lang/ClassNotFoundException'{0x00000000893c4a10}: org/springframework/core/OrderedCustomizer> (0x00000000893c4a10) 
thrown [./open/src/hotspot/share/classfile/systemDictionary.cpp, line 295]
Event: 2.767 Thread 0x000001fa79a18e10 Exception <a 'java/lang/ClassNotFoundException'{0x00000000893c9518}: org/springframework/context/ResourceLoaderAwareCustomizer> (0x00000000893c9518) 
thrown [./open/src/hotspot/share/classfile/systemDictionary.cpp, line 295]
Event: 2.768 Thread 0x000001fa79a18e10 Exception <a 'java/lang/ClassNotFoundException'{0x00000000893ce148}: org/springframework/beans/factory/AwareCustomizer> (0x00000000893ce148) 
thrown [./open/src/hotspot/share/classfile/systemDictionary.cpp, line 295]
Event: 2.769 Thread 0x000001fa79a18e10 Exception <a 'java/lang/ClassNotFoundException'{0x00000000893d1d80}: org/springframework/context/ApplicationStartupAwareCustomizer> (0x00000000893d1d80) 
thrown [./open/src/hotspot/share/classfile/systemDictionary.cpp, line 295]
Event: 2.770 Thread 0x000001fa79a18e10 Exception <a 'java/lang/ClassNotFoundException'{0x00000000893d6c28}: org/springframework/beans/factory/AwareCustomizer> (0x00000000893d6c28) 
thrown [./open/src/hotspot/share/classfile/systemDictionary.cpp, line 295]
Event: 2.805 Thread 0x000001fa79a18e10 Exception <a 'java/lang/ClassNotFoundException'{0x00000000893da8b8}: org/springframework/beans/factory/BeanClassLoaderAwareCustomizer> (0x00000000893da8b8) 
thrown [./open/src/hotspot/share/classfile/systemDictionary.cpp, line 295]
Event: 2.807 Thread 0x000001fa79a18e10 Exception <a 'java/lang/ClassNotFoundException'{0x00000000893df500}: org/springframework/beans/factory/AwareCustomizer> (0x00000000893df500) 
thrown [./open/src/hotspot/share/classfile/systemDictionary.cpp, line 295]
Event: 2.807 Thread 0x000001fa79a18e10 Exception <a 'java/lang/ClassNotFoundException'{0x00000000893e2ef0}: org/springframework/context/EnvironmentAwareCustomizer> (0x00000000893e2ef0) 
thrown [./open/src/hotspot/share/classfile/systemDictionary.cpp, line 295]
Event: 2.809 Thread 0x000001fa79a18e10 Exception <a 'java/lang/ClassNotFoundException'{0x00000000893e7ab0}: org/springframework/beans/factory/AwareCustomizer> (0x00000000893e7ab0) 
thrown [./open/src/hotspot/share/classfile/systemDictionary.cpp, line 295]
Event: 3.060 Thread 0x000001fa198560d0 Exception <a 'java/lang/NoSuchMethodError'{0x0000000088441d30}: 'java.lang.Object java.lang.invoke.DirectMethodHandle$Holder.invokeStaticInit(java.lang.Object, java.lang.Object, java.lang.Object, java.lang.Object, java.lang.Object)'> (0x0000000088441d30) 
thrown [./open/src/hotspot/share/interpreter/linkResolver.cpp, line 782]
Event: 3.303 Thread 0x000001fa79a18e10 Exception <a 'java/lang/IncompatibleClassChangeError'{0x00000000856c0580}: Found class java.lang.Object, but interface was expected> (0x00000000856c0580) 
thrown [./open/src/hotspot/share/interpreter/linkResolver.cpp, line 848]
Event: 3.372 Thread 0x000001fa79a18e10 Exception <a 'java/lang/NoSuchMethodError'{0x0000000089c35e70}: 'void java.lang.invoke.DirectMethodHandle$Holder.invokeInterface(java.lang.Object, java.lang.Object, java.lang.Object, java.lang.Object)'> (0x0000000089c35e70) 
thrown [./open/src/hotspot/share/interpreter/linkResolver.cpp, line 782]
Event: 3.378 Thread 0x000001fa198560d0 Exception <a 'java/lang/NoSuchMethodError'{0x0000000089ce4c80}: 'long java.lang.invoke.DirectMethodHandle$Holder.invokeSpecial(java.lang.Object, java.lang.Object)'> (0x0000000089ce4c80) 
thrown [./open/src/hotspot/share/interpreter/linkResolver.cpp, line 782]
Event: 3.385 Thread 0x000001fa198560d0 Exception <a 'java/lang/NoSuchMethodError'{0x0000000089b14210}: 'long java.lang.invoke.DirectMethodHandle$Holder.invokeStatic(java.lang.Object, java.lang.Object)'> (0x0000000089b14210) 
thrown [./open/src/hotspot/share/interpreter/linkResolver.cpp, line 782]
Event: 3.386 Thread 0x000001fa198560d0 Exception <a 'java/lang/NoSuchMethodError'{0x0000000089b179f0}: 'long java.lang.invoke.DirectMethodHandle$Holder.invokeStaticInit(java.lang.Object, java.lang.Object)'> (0x0000000089b179f0) 
thrown [./open/src/hotspot/share/interpreter/linkResolver.cpp, line 782]
Event: 3.391 Thread 0x000001fa198560d0 Exception <a 'java/lang/NoSuchMethodError'{0x0000000089b41468}: 'long java.lang.invoke.DirectMethodHandle$Holder.invokeInterface(java.lang.Object, java.lang.Object)'> (0x0000000089b41468) 
thrown [./open/src/hotspot/share/interpreter/linkResolver.cpp, line 782]
Event: 3.391 Thread 0x000001fa198560d0 Exception <a 'java/lang/IncompatibleClassChangeError'{0x0000000089b44bc8}: Found class java.lang.Object, but interface was expected> (0x0000000089b44bc8) 
thrown [./open/src/hotspot/share/interpreter/linkResolver.cpp, line 848]
Event: 3.444 Thread 0x000001fa198560d0 Exception <a 'java/lang/NoSuchMethodError'{0x0000000089a3c2a0}: 'java.lang.Object java.lang.invoke.DirectMethodHandle$Holder.invokeVirtual(java.lang.Object, java.lang.Object, java.lang.Object, java.lang.Object)'> (0x0000000089a3c2a0) 
thrown [./open/src/hotspot/share/interpreter/linkResolver.cpp, line 782]
Event: 3.537 Thread 0x000001fa79a18e10 Exception <a 'java/lang/NoSuchMethodError'{0x0000000089620d80}: 'java.lang.Object java.lang.invoke.DirectMethodHandle$Holder.invokeStatic(java.lang.Object, java.lang.Object, int)'> (0x0000000089620d80) 
thrown [./open/src/hotspot/share/interpreter/linkResolver.cpp, line 782]
Event: 3.539 Thread 0x000001fa79a18e10 Exception <a 'java/lang/NoSuchMethodError'{0x000000008962cbf8}: 'void java.lang.invoke.DelegatingMethodHandle$Holder.delegate(java.lang.Object, java.lang.Object, int, java.lang.Object)'> (0x000000008962cbf8) 
thrown [./open/src/hotspot/share/interpreter/linkResolver.cpp, line 782]

Events (20 events):
Event: 3.809 loading class java/util/stream/Node$OfLong
Event: 3.809 loading class java/util/stream/Node$OfLong done
Event: 3.810 loading class java/util/stream/Nodes$EmptyNode$OfLong done
Event: 3.810 loading class java/util/stream/Nodes$EmptyNode$OfDouble
Event: 3.810 loading class java/util/stream/Node$OfDouble
Event: 3.810 loading class java/util/stream/Node$OfDouble done
Event: 3.810 loading class java/util/stream/Nodes$EmptyNode$OfDouble done
Event: 3.810 loading class java/util/stream/Nodes$SpinedNodeBuilder
Event: 3.810 loading class java/util/stream/Node$Builder
Event: 3.811 loading class java/util/stream/Node$Builder done
Event: 3.811 loading class java/util/stream/Nodes$SpinedNodeBuilder done
Event: 3.946 Executing VM operation: HandshakeAllThreads
Event: 3.946 Executing VM operation: HandshakeAllThreads done
Event: 3.968 loading class java/util/AbstractList$ListItr
Event: 3.969 loading class java/util/AbstractList$ListItr done
Event: 4.014 Executing VM operation: ICBufferFull
Event: 4.014 Executing VM operation: ICBufferFull done
Event: 4.014 Executing VM operation: HandshakeAllThreads
Event: 4.014 Executing VM operation: HandshakeAllThreads done
Event: 4.125 Executing VM operation: CollectForMetadataAllocation


Dynamic libraries:
0x00007ff73c0f0000 - 0x00007ff73c0ff000 	C:\Program Files\Java\jdk-15.0.2\bin\java.exe
0x00007fff66d10000 - 0x00007fff66f05000 	C:\WINDOWS\SYSTEM32\ntdll.dll
0x00007fff65080000 - 0x00007fff6513e000 	C:\WINDOWS\System32\KERNEL32.DLL
0x00007fff64820000 - 0x00007fff64ae9000 	C:\WINDOWS\System32\KERNELBASE.dll
0x00007fff64af0000 - 0x00007fff64bf0000 	C:\WINDOWS\System32\ucrtbase.dll
0x00007fff48040000 - 0x00007fff48059000 	C:\Program Files\Java\jdk-15.0.2\bin\VCRUNTIME140.dll
0x00007fff48060000 - 0x00007fff48078000 	C:\Program Files\Java\jdk-15.0.2\bin\jli.dll
0x00007fff64f10000 - 0x00007fff64fbc000 	C:\WINDOWS\System32\ADVAPI32.dll
0x00007fff66b90000 - 0x00007fff66c2e000 	C:\WINDOWS\System32\msvcrt.dll
0x00007fff66600000 - 0x00007fff6669b000 	C:\WINDOWS\System32\sechost.dll
0x00007fff663a0000 - 0x00007fff664ca000 	C:\WINDOWS\System32\RPCRT4.dll
0x00007fff652f0000 - 0x00007fff65491000 	C:\WINDOWS\System32\USER32.dll
0x00007fff646f0000 - 0x00007fff64712000 	C:\WINDOWS\System32\win32u.dll
0x00007fff655d0000 - 0x00007fff655fb000 	C:\WINDOWS\System32\GDI32.dll
0x00007fff64c50000 - 0x00007fff64d5b000 	C:\WINDOWS\System32\gdi32full.dll
0x00007fff64460000 - 0x00007fff644fd000 	C:\WINDOWS\System32\msvcp_win.dll
0x00007fff54880000 - 0x00007fff54b1a000 	C:\WINDOWS\WinSxS\amd64_microsoft.windows.common-controls_6595b64144ccf1df_6.0.19041.1110_none_60b5254171f9507e\COMCTL32.dll
0x00007fff57710000 - 0x00007fff5771a000 	C:\WINDOWS\SYSTEM32\VERSION.dll
0x00007fff656b0000 - 0x00007fff656e0000 	C:\WINDOWS\System32\IMM32.DLL
0x00007fff5a8f0000 - 0x00007fff5a8fc000 	C:\Program Files\Java\jdk-15.0.2\bin\vcruntime140_1.dll
0x00007fff3c3e0000 - 0x00007fff3c471000 	C:\Program Files\Java\jdk-15.0.2\bin\msvcp140.dll
0x00007fff04c40000 - 0x00007fff0579e000 	C:\Program Files\Java\jdk-15.0.2\bin\server\jvm.dll
0x00007fff66c30000 - 0x00007fff66c38000 	C:\WINDOWS\System32\PSAPI.DLL
0x00007fff53350000 - 0x00007fff53359000 	C:\WINDOWS\SYSTEM32\WSOCK32.dll
0x00007fff666a0000 - 0x00007fff6670b000 	C:\WINDOWS\System32\WS2_32.dll
0x00007fff55670000 - 0x00007fff55697000 	C:\WINDOWS\SYSTEM32\WINMM.dll
0x00007fff62cb0000 - 0x00007fff62cc2000 	C:\WINDOWS\SYSTEM32\kernel.appcore.dll
0x00007fff55320000 - 0x00007fff5532a000 	C:\Program Files\Java\jdk-15.0.2\bin\jimage.dll
0x00007fff61b40000 - 0x00007fff61d24000 	C:\WINDOWS\SYSTEM32\DBGHELP.DLL
0x00007fff52e30000 - 0x00007fff52e5c000 	C:\WINDOWS\SYSTEM32\dbgcore.DLL
0x00007fff64500000 - 0x00007fff64583000 	C:\WINDOWS\System32\bcryptPrimitives.dll
0x00007fff59e90000 - 0x00007fff59e9e000 	C:\Program Files\Java\jdk-15.0.2\bin\instrument.dll
0x00007fff3c510000 - 0x00007fff3c535000 	C:\Program Files\Java\jdk-15.0.2\bin\java.dll
0x00007fff658a0000 - 0x00007fff65fdf000 	C:\WINDOWS\System32\SHELL32.dll
0x00007fff624e0000 - 0x00007fff62c70000 	C:\WINDOWS\SYSTEM32\windows.storage.dll
0x00007fff66040000 - 0x00007fff66395000 	C:\WINDOWS\System32\combase.dll
0x00007fff63e80000 - 0x00007fff63eac000 	C:\WINDOWS\SYSTEM32\Wldp.dll
0x00007fff65600000 - 0x00007fff656ad000 	C:\WINDOWS\System32\SHCORE.dll
0x00007fff65840000 - 0x00007fff65895000 	C:\WINDOWS\System32\shlwapi.dll
0x00007fff64370000 - 0x00007fff6438f000 	C:\WINDOWS\SYSTEM32\profapi.dll
0x00007fff37b80000 - 0x00007fff37b98000 	C:\Program Files\Java\jdk-15.0.2\bin\zip.dll
0x00007fff48020000 - 0x00007fff48039000 	C:\Program Files\Java\jdk-15.0.2\bin\net.dll
0x00007fff54ea0000 - 0x00007fff54fa8000 	C:\WINDOWS\SYSTEM32\WINHTTP.dll
0x00007fff63be0000 - 0x00007fff63c4a000 	C:\WINDOWS\system32\mswsock.dll
0x00007fff3eba0000 - 0x00007fff3ebb2000 	C:\Program Files\Java\jdk-15.0.2\bin\nio.dll
0x00007fff48220000 - 0x00007fff4823a000 	C:\Program Files\JetBrains\IntelliJ IDEA 2020.3.2\bin\breakgen64.dll
0x00007fff638d0000 - 0x00007fff6399c000 	C:\WINDOWS\SYSTEM32\DNSAPI.dll
0x00007fff63880000 - 0x00007fff638bb000 	C:\WINDOWS\SYSTEM32\IPHLPAPI.DLL
0x00007fff65070000 - 0x00007fff65078000 	C:\WINDOWS\System32\NSI.dll
0x00007fff5c430000 - 0x00007fff5c43a000 	C:\Windows\System32\rasadhlp.dll
0x00007fff54e20000 - 0x00007fff54e9f000 	C:\WINDOWS\System32\fwpuclnt.dll
0x00007fff64430000 - 0x00007fff64457000 	C:\WINDOWS\System32\bcrypt.dll
0x00007fff368c0000 - 0x00007fff368c9000 	C:\Program Files\Java\jdk-15.0.2\bin\management.dll
0x00007fff35200000 - 0x00007fff3520b000 	C:\Program Files\Java\jdk-15.0.2\bin\management_ext.dll
0x00007fff63dd0000 - 0x00007fff63de8000 	C:\WINDOWS\SYSTEM32\CRYPTSP.dll
0x00007fff634f0000 - 0x00007fff63524000 	C:\WINDOWS\system32\rsaenh.dll
0x00007fff642f0000 - 0x00007fff6431e000 	C:\WINDOWS\SYSTEM32\USERENV.dll
0x00007fff63df0000 - 0x00007fff63dfc000 	C:\WINDOWS\SYSTEM32\CRYPTBASE.dll
0x00007fff578e0000 - 0x00007fff578f7000 	C:\WINDOWS\SYSTEM32\dhcpcsvc6.DLL
0x00007fff585b0000 - 0x00007fff585cd000 	C:\WINDOWS\SYSTEM32\dhcpcsvc.DLL
0x00007fff485a0000 - 0x00007fff485b7000 	C:\WINDOWS\system32\napinsp.dll
0x00007fff48580000 - 0x00007fff4859b000 	C:\WINDOWS\system32\pnrpnsp.dll
0x00007fff5e8b0000 - 0x00007fff5e8c5000 	C:\WINDOWS\system32\wshbth.dll
0x00007fff5f280000 - 0x00007fff5f29d000 	C:\WINDOWS\system32\NLAapi.dll
0x00007fff48560000 - 0x00007fff48572000 	C:\WINDOWS\System32\winrnr.dll

dbghelp: loaded successfully - version: 4.0.5 - missing functions: none
symbol engine: initialized successfully - sym options: 0x614 - pdb path: .;C:\Program Files\Java\jdk-15.0.2\bin;C:\WINDOWS\SYSTEM32;C:\WINDOWS\WinSxS\amd64_microsoft.windows.common-controls_6595b64144ccf1df_6.0.19041.1110_none_60b5254171f9507e;C:\Program Files\Java\jdk-15.0.2\bin\server;C:\Program Files\JetBrains\IntelliJ IDEA 2020.3.2\bin

VM Arguments:
jvm_args: -XX:TieredStopAtLevel=1 -Xverify:none -Dspring.output.ansi.enabled=always -javaagent:C:\Program Files\JetBrains\IntelliJ IDEA 2020.3.2\lib\idea_rt.jar=49984:C:\Program Files\JetBrains\IntelliJ IDEA 2020.3.2\bin -Dcom.sun.management.jmxremote -Dspring.jmx.enabled=true -Dspring.liveBeansView.mbeanDomain -Dspring.application.admin.enabled=true -Dfile.encoding=UTF-8 
java_command: com.ileiwe.IleIweApplication
java_class_path (initial): C:\Users\DELL\Downloads\ile-iwe-staging\target\classes;C:\Users\DELL\.m2\repository\org\springframework\boot\spring-boot-starter-data-jpa\2.5.6\spring-boot-starter-data-jpa-2.5.6.jar;C:\Users\DELL\.m2\repository\org\springframework\boot\spring-boot-starter-aop\2.5.6\spring-boot-starter-aop-2.5.6.jar;C:\Users\DELL\.m2\repository\org\aspectj\aspectjweaver\1.9.7\aspectjweaver-1.9.7.jar;C:\Users\DELL\.m2\repository\jakarta\transaction\jakarta.transaction-api\1.3.3\jakarta.transaction-api-1.3.3.jar;C:\Users\DELL\.m2\repository\jakarta\persistence\jakarta.persistence-api\2.2.3\jakarta.persistence-api-2.2.3.jar;C:\Users\DELL\.m2\repository\org\hibernate\hibernate-core\5.4.32.Final\hibernate-core-5.4.32.Final.jar;C:\Users\DELL\.m2\repository\org\jboss\logging\jboss-logging\3.4.2.Final\jboss-logging-3.4.2.Final.jar;C:\Users\DELL\.m2\repository\org\javassist\javassist\3.27.0-GA\javassist-3.27.0-GA.jar;C:\Users\DELL\.m2\repository\net\bytebuddy\byte-buddy\1.10.22\byte-buddy-1.10.22.jar;C:\Users\DELL\.m2\repository\antlr\antlr\2.7.7\antlr-2.7.7.jar;C:\Users\DELL\.m2\repository\org\jboss\jandex\2.2.3.Final\jandex-2.2.3.Final.jar;C:\Users\DELL\.m2\repository\com\fasterxml\classmate\1.5.1\classmate-1.5.1.jar;C:\Users\DELL\.m2\repository\org\dom4j\dom4j\2.1.3\dom4j-2.1.3.jar;C:\Users\DELL\.m2\repository\org\hibernate\common\hibernate-commons-annotations\5.1.2.Final\hibernate-commons-annotations-5.1.2.Final.jar;C:\Users\DELL\.m2\repository\org\glassfish\jaxb\jaxb-runtime\2.3.5\jaxb-runtime-2.3.5.jar;C:\Users\DELL\.m2\repository\org\glassfish\jaxb\txw2\2.3.5\txw2-2.3.5.jar;C:\Users\DELL\.m2\repository\com\sun\istack\istack-commons-runtime\3.0.12\istack-commons-runtime-3.0.12.jar;C:\Users\DELL\.m2\repository\org\springframework\data\spring-data-jpa\2.5.6\spring-data-jpa-2.5.6.jar;C:\Users\DELL\.m2\repository\org\springframework\data\spring-data-commons\2.5.6\spring-data-commons-2.5.6.jar;C:\Users\DELL\.m2\repository\org\springframework\spring-orm\5.3.12\sp
Launcher Type: SUN_STANDARD

[Global flags]
     intx CICompilerCount                          = 3                                         {product} {ergonomic}
     uint ConcGCThreads                            = 1                                         {product} {ergonomic}
     uint G1ConcRefinementThreads                  = 4                                         {product} {ergonomic}
   size_t G1HeapRegionSize                         = 1048576                                   {product} {ergonomic}
    uintx GCDrainStackTargetSize                   = 64                                        {product} {ergonomic}
   size_t InitialHeapSize                          = 134217728                                 {product} {ergonomic}
     bool ManagementServer                         = true                                      {product} {command line}
   size_t MarkStackSize                            = 4194304                                   {product} {ergonomic}
   size_t MaxHeapSize                              = 2116026368                                {product} {ergonomic}
   size_t MaxNewSize                               = 1268776960                                {product} {ergonomic}
   size_t MinHeapDeltaBytes                        = 1048576                                   {product} {ergonomic}
   size_t MinHeapSize                              = 8388608                                   {product} {ergonomic}
    uintx NonNMethodCodeHeapSize                   = 6973028                                {pd product} {ergonomic}
    uintx NonProfiledCodeHeapSize                  = 244685212                              {pd product} {ergonomic}
    uintx ProfiledCodeHeapSize                     = 0                                      {pd product} {ergonomic}
    uintx ReservedCodeCacheSize                    = 251658240                              {pd product} {ergonomic}
     bool SegmentedCodeCache                       = true                                      {product} {ergonomic}
   size_t SoftMaxHeapSize                          = 2116026368                             {manageable} {ergonomic}
     intx TieredStopAtLevel                        = 1                                         {product} {command line}
     bool UseCompressedClassPointers               = true                                 {lp64_product} {ergonomic}
     bool UseCompressedOops                        = true                                 {lp64_product} {ergonomic}
     bool UseG1GC                                  = true                                      {product} {ergonomic}
     bool UseLargePagesIndividualAllocation        = false                                  {pd product} {ergonomic}

Logging:
Log output configuration:
 #0: stdout all=warning uptime,level,tags
 #1: stderr all=off uptime,level,tags

Environment Variables:
JAVA_HOME=C:\Program Files\Java\jdk-15.0.2
PATH=C:\Program Files\Python39\Scripts\;C:\Program Files\Python39\;C:\WINDOWS\system32;C:\WINDOWS;C:\WINDOWS\System32\Wbem;C:\WINDOWS\System32\WindowsPowerShell\v1.0\;C:\WINDOWS\System32\OpenSSH\;C:\Program Files\Git\cmd;C:\Program Files\Microsoft SQL Server\Client SDK\ODBC\130\Tools\Binn\;C:\Program Files (x86)\Microsoft SQL Server\140\Tools\Binn\;C:\Program Files\Microsoft SQL Server\140\Tools\Binn\;C:\Program Files\Microsoft SQL Server\140\DTS\Binn\;C:\Program Files (x86)\Microsoft SQL Server\150\DTS\Binn\;C:\Program Files\nodejs\;C:\ProgramData\chocolatey\bin;C:\Program Files\dotnet-sdk-5.0.400-win-x64;C:\Program Files\dotnet\;C:\Program Files\Java\jdk-15.0.2\bin;C:\dev\apache-maven-3.8.3-bin\apache-maven-3.8.3\bin;C:\Program Files\MySQL\MySQL Shell 8.0\bin\;C:\Program Files\Java\jdk-15.0.2\bin;C:\Users\DELL\AppData\Local\Programs\Microsoft VS Code\bin;C:\PyCharm 2020.3.5\bin;;C:\Users\DELL\AppData\Roaming\npm;C:\Users\DELL\AppData\Local\Microsoft\WindowsApps;C:\Users\DELL\.dotnet\tools;C:\Users\DELL\Downloads\apache-maven-3.8.3-bin.zip\apache-maven-3.8.3\bin;C:\Program Files\heroku\bin
USERNAME=DELL
OS=Windows_NT
PROCESSOR_IDENTIFIER=Intel64 Family 6 Model 61 Stepping 4, GenuineIntel



---------------  S Y S T E M  ---------------

OS:
 Windows 10 , 64 bit Build 19041 (10.0.19041.1202)
OS uptime: 0 days 17:18 hours

CPU: total 4 (initial active 4) (2 cores per cpu, 2 threads per core) family 6 model 61 stepping 4 microcode 0x2d, cmov, cx8, fxsr, mmx, sse, sse2, sse3, ssse3, sse4.1, sse4.2, popcnt, vzeroupper, avx, avx2, aes, clmul, erms, rtm, 3dnowpref, lzcnt, ht, tsc, tscinvbit, bmi1, bmi2, adx, fma, clflush

Memory: 4k page, system-wide physical 8064M (569M free)
TotalPageFile size 17130M (AvailPageFile size 0M)
current process WorkingSet (physical memory assigned to process): 157M, peak: 157M
current process commit charge ("private bytes"): 238M, peak: 239M

vm_info: Java HotSpot(TM) 64-Bit Server VM (15.0.2+7-27) for windows-amd64 JRE (15.0.2+7-27), built on Dec  7 2020 20:07:01 by "mach5one" with unknown MS VC++:1925

END.
